<?xml version="1.0" encoding="UTF-8"?>
<testng-results skipped="0" failed="0" ignored="0" total="1" passed="1">
  <reporter-output>
  </reporter-output>
  <suite name="Default suite" duration-ms="35091" started-at="2019-11-04T07:11:17Z" finished-at="2019-11-04T07:11:52Z">
    <groups>
    </groups>
    <test name="Default test" duration-ms="35091" started-at="2019-11-04T07:11:17Z" finished-at="2019-11-04T07:11:52Z">
      <class name="com.training.sanity.tests.RealLoginTests2">
        <test-method status="PASS" signature="setUpBeforeClass()[pri:0, instance:com.training.sanity.tests.RealLoginTests2@55f3ddb1]" name="setUpBeforeClass" is-config="true" duration-ms="15" started-at="2019-11-04T12:41:17Z" finished-at="2019-11-04T12:41:17Z">
          <reporter-output>
          </reporter-output>
        </test-method> <!-- setUpBeforeClass -->
        <test-method status="PASS" signature="setUp()[pri:0, instance:com.training.sanity.tests.RealLoginTests2@55f3ddb1]" name="setUp" is-config="true" duration-ms="18736" started-at="2019-11-04T12:41:17Z" finished-at="2019-11-04T12:41:36Z">
          <reporter-output>
          </reporter-output>
        </test-method> <!-- setUp -->
        <test-method status="PASS" signature="validLoginTest()[pri:0, instance:com.training.sanity.tests.RealLoginTests2@55f3ddb1]" name="validLoginTest" duration-ms="14455" started-at="2019-11-04T12:41:36Z" finished-at="2019-11-04T12:41:50Z">
          <reporter-output>
          </reporter-output>
        </test-method> <!-- validLoginTest -->
        <test-method status="PASS" signature="tearDown()[pri:0, instance:com.training.sanity.tests.RealLoginTests2@55f3ddb1]" name="tearDown" is-config="true" duration-ms="1859" started-at="2019-11-04T12:41:50Z" finished-at="2019-11-04T12:41:52Z">
          <reporter-output>
          </reporter-output>
        </test-method> <!-- tearDown -->
      </class> <!-- com.training.sanity.tests.RealLoginTests2 -->
    </test> <!-- Default test -->
  </suite> <!-- Default suite -->
</testng-results>
