<?xml version="1.0" encoding="UTF-8"?>
<!-- Generated by org.testng.reporters.JUnitXMLReporter -->
<testsuite hostname="DESKTOP-1MEEKAD" ignored="0" name="Sample test" tests="1" failures="1" timestamp="25 Oct 2019 10:58:50 GMT" time="40.32" errors="0">
  <testcase name="validLoginTest" time="17.853" classname="com.training.sanity.tests.LoginTests">
    <failure type="java.lang.NullPointerException">
      <![CDATA[java.lang.NullPointerException
	at org.openqa.selenium.support.pagefactory.internal.LocatingElementHandler.invoke(LocatingElementHandler.java:51)
	at com.sun.proxy.$Proxy10.clear(Unknown Source)
	at com.training.pom.LoginPOM.sendUserName(LoginPOM.java:26)
	at com.training.sanity.tests.LoginTests.validLoginTest(LoginTests.java:50)
... Removed 29 stack frames]]>
    </failure>
  </testcase> <!-- validLoginTest -->
</testsuite> <!-- Sample test -->
